2025.09.22 13:29:08 INFO  Started: Metals version 1.6.2 in folders 'D:\LDPlayer\backup\SD_73\BE_SP' for client Visual Studio Code 1.104.1.
2025.09.22 13:34:24 INFO  no build target found for D:\LDPlayer\backup\SD_73\BE_SP\src\main\java\org\example\be_sp\entity\SanPham.java. Using fallback presentation compiler.
2025.09.22 13:34:24 WARN  no build target for: D:\LDPlayer\backup\SD_73\BE_SP\src\main\java\org\example\be_sp\entity\SanPham.java
2025.09.22 13:34:25 INFO  no build target found for D:\LDPlayer\backup\SD_73\BE_SP\src\main\java\org\example\be_sp\entity\SanPham.java. Using fallback presentation compiler.
2025.09.22 13:34:35 INFO  no build target found for D:\LDPlayer\backup\SD_73\BE_SP\src\main\java\org\example\be_sp\entity\SanPham.java. Using fallback presentation compiler.
2025.09.22 13:34:35 WARN  no build target for: D:\LDPlayer\backup\SD_73\BE_SP\src\main\java\org\example\be_sp\entity\SanPham.java
2025.09.22 13:34:35 INFO  no build target found for D:\LDPlayer\backup\SD_73\BE_SP\src\main\java\org\example\be_sp\entity\SanPham.java. Using fallback presentation compiler.
2025.09.22 13:34:43 INFO  no build target found for D:\LDPlayer\backup\SD_73\BE_SP\src\main\java\org\example\be_sp\entity\SanPham.java. Using fallback presentation compiler.
2025.09.22 13:34:43 WARN  no build target for: D:\LDPlayer\backup\SD_73\BE_SP\src\main\java\org\example\be_sp\entity\SanPham.java
2025.09.22 13:34:43 INFO  no build target found for D:\LDPlayer\backup\SD_73\BE_SP\src\main\java\org\example\be_sp\entity\SanPham.java. Using fallback presentation compiler.
2025.09.22 13:34:43 INFO  no build target found for D:\LDPlayer\backup\SD_73\BE_SP\src\main\java\org\example\be_sp\entity\SanPham.java. Using fallback presentation compiler.
2025.09.22 13:35:19 INFO  no build target found for D:\LDPlayer\backup\SD_73\BE_SP\src\main\java\org\example\be_sp\entity\SanPham.java. Using fallback presentation compiler.
2025.09.22 13:35:19 WARN  no build target for: D:\LDPlayer\backup\SD_73\BE_SP\src\main\java\org\example\be_sp\entity\SanPham.java
2025.09.22 13:35:19 INFO  no build target found for D:\LDPlayer\backup\SD_73\BE_SP\src\main\java\org\example\be_sp\entity\SanPham.java. Using fallback presentation compiler.
2025.09.22 13:35:19 INFO  no build target found for D:\LDPlayer\backup\SD_73\BE_SP\src\main\java\org\example\be_sp\entity\SanPham.java. Using fallback presentation compiler.
2025.09.22 13:36:07 INFO  no build target found for D:\LDPlayer\backup\SD_73\BE_SP\src\main\java\org\example\be_sp\entity\SanPham.java. Using fallback presentation compiler.
2025.09.22 13:36:07 WARN  no build target for: D:\LDPlayer\backup\SD_73\BE_SP\src\main\java\org\example\be_sp\entity\SanPham.java
2025.09.22 13:36:07 INFO  no build target found for D:\LDPlayer\backup\SD_73\BE_SP\src\main\java\org\example\be_sp\entity\SanPham.java. Using fallback presentation compiler.
2025.09.22 13:36:07 INFO  no build target found for D:\LDPlayer\backup\SD_73\BE_SP\src\main\java\org\example\be_sp\entity\SanPham.java. Using fallback presentation compiler.
2025.09.22 13:36:09 INFO  no build target found for D:\LDPlayer\backup\SD_73\BE_SP\src\main\java\org\example\be_sp\entity\SanPham.java. Using fallback presentation compiler.
2025.09.22 13:36:09 INFO  no build target found for D:\LDPlayer\backup\SD_73\BE_SP\src\main\java\org\example\be_sp\entity\SanPham.java. Using fallback presentation compiler.
2025.09.22 13:37:22 INFO  no build target found for D:\LDPlayer\backup\SD_73\BE_SP\src\main\java\org\example\be_sp\entity\SanPham.java. Using fallback presentation compiler.
2025.09.22 13:37:22 WARN  no build target for: D:\LDPlayer\backup\SD_73\BE_SP\src\main\java\org\example\be_sp\entity\SanPham.java
2025.09.22 13:37:23 INFO  no build target found for D:\LDPlayer\backup\SD_73\BE_SP\src\main\java\org\example\be_sp\entity\SanPham.java. Using fallback presentation compiler.
2025.09.22 13:37:22 INFO  no build target found for D:\LDPlayer\backup\SD_73\BE_SP\src\main\java\org\example\be_sp\entity\SanPham.java. Using fallback presentation compiler.
2025.09.22 13:37:30 WARN  no build target for: D:\LDPlayer\backup\SD_73\BE_SP\src\main\java\org\example\be_sp\model\response\SanPhamResponse.java
2025.09.22 13:37:30 INFO  no build target found for D:\LDPlayer\backup\SD_73\BE_SP\src\main\java\org\example\be_sp\model\response\SanPhamResponse.java. Using fallback presentation compiler.
2025.09.22 13:37:30 INFO  no build target found for D:\LDPlayer\backup\SD_73\BE_SP\src\main\java\org\example\be_sp\model\response\SanPhamResponse.java. Using fallback presentation compiler.
2025.09.22 13:37:31 INFO  no build target found for D:\LDPlayer\backup\SD_73\BE_SP\src\main\java\org\example\be_sp\model\response\SanPhamResponse.java. Using fallback presentation compiler.
2025.09.22 13:37:32 INFO  no build target found for D:\LDPlayer\backup\SD_73\BE_SP\src\main\java\org\example\be_sp\entity\SanPham.java. Using fallback presentation compiler.
2025.09.22 13:37:32 INFO  no build target found for D:\LDPlayer\backup\SD_73\BE_SP\src\main\java\org\example\be_sp\model\response\SanPhamResponse.java. Using fallback presentation compiler.
2025.09.22 13:37:33 INFO  no build target found for D:\LDPlayer\backup\SD_73\BE_SP\src\main\java\org\example\be_sp\model\response\SanPhamResponse.java. Using fallback presentation compiler.
2025.09.22 13:37:33 INFO  no build target found for D:\LDPlayer\backup\SD_73\BE_SP\src\main\java\org\example\be_sp\model\response\SanPhamResponse.java. Using fallback presentation compiler.
2025.09.22 13:37:33 INFO  no build target found for D:\LDPlayer\backup\SD_73\BE_SP\src\main\java\org\example\be_sp\model\response\SanPhamResponse.java. Using fallback presentation compiler.
2025.09.22 13:37:33 INFO  no build target found for D:\LDPlayer\backup\SD_73\BE_SP\src\main\java\org\example\be_sp\model\response\SanPhamResponse.java. Using fallback presentation compiler.
2025.09.22 13:37:35 INFO  no build target found for D:\LDPlayer\backup\SD_73\BE_SP\src\main\java\org\example\be_sp\model\response\SanPhamResponse.java. Using fallback presentation compiler.
2025.09.22 13:37:35 INFO  no build target found for D:\LDPlayer\backup\SD_73\BE_SP\src\main\java\org\example\be_sp\model\response\SanPhamResponse.java. Using fallback presentation compiler.
2025.09.22 13:37:36 INFO  no build target found for D:\LDPlayer\backup\SD_73\BE_SP\src\main\java\org\example\be_sp\model\response\SanPhamResponse.java. Using fallback presentation compiler.
2025.09.22 13:37:36 INFO  no build target found for D:\LDPlayer\backup\SD_73\BE_SP\src\main\java\org\example\be_sp\model\response\SanPhamResponse.java. Using fallback presentation compiler.
2025.09.22 13:37:38 INFO  no build target found for D:\LDPlayer\backup\SD_73\BE_SP\src\main\java\org\example\be_sp\model\response\SanPhamResponse.java. Using fallback presentation compiler.
2025.09.22 13:37:38 INFO  no build target found for D:\LDPlayer\backup\SD_73\BE_SP\src\main\java\org\example\be_sp\model\response\SanPhamResponse.java. Using fallback presentation compiler.
2025.09.22 13:37:39 INFO  no build target found for D:\LDPlayer\backup\SD_73\BE_SP\src\main\java\org\example\be_sp\model\response\SanPhamResponse.java. Using fallback presentation compiler.
2025.09.22 13:37:39 INFO  no build target found for D:\LDPlayer\backup\SD_73\BE_SP\src\main\java\org\example\be_sp\model\response\SanPhamResponse.java. Using fallback presentation compiler.
2025.09.22 13:37:41 INFO  no build target found for D:\LDPlayer\backup\SD_73\BE_SP\src\main\java\org\example\be_sp\model\response\SanPhamResponse.java. Using fallback presentation compiler.
2025.09.22 13:37:41 INFO  no build target found for D:\LDPlayer\backup\SD_73\BE_SP\src\main\java\org\example\be_sp\model\response\SanPhamResponse.java. Using fallback presentation compiler.
2025.09.22 13:37:47 INFO  no build target found for D:\LDPlayer\backup\SD_73\BE_SP\src\main\java\org\example\be_sp\model\response\SanPhamResponse.java. Using fallback presentation compiler.
2025.09.22 13:37:47 WARN  no build target for: D:\LDPlayer\backup\SD_73\BE_SP\src\main\java\org\example\be_sp\model\response\SanPhamResponse.java
2025.09.22 13:37:47 INFO  no build target found for D:\LDPlayer\backup\SD_73\BE_SP\src\main\java\org\example\be_sp\model\response\SanPhamResponse.java. Using fallback presentation compiler.
2025.09.22 13:37:47 INFO  no build target found for D:\LDPlayer\backup\SD_73\BE_SP\src\main\java\org\example\be_sp\model\response\SanPhamResponse.java. Using fallback presentation compiler.
2025.09.22 13:37:47 INFO  no build target found for D:\LDPlayer\backup\SD_73\BE_SP\src\main\java\org\example\be_sp\model\response\SanPhamResponse.java. Using fallback presentation compiler.
2025.09.22 13:37:48 INFO  no build target found for D:\LDPlayer\backup\SD_73\BE_SP\src\main\java\org\example\be_sp\model\response\SanPhamResponse.java. Using fallback presentation compiler.
2025.09.22 13:37:48 INFO  no build target found for D:\LDPlayer\backup\SD_73\BE_SP\src\main\java\org\example\be_sp\model\response\SanPhamResponse.java. Using fallback presentation compiler.
2025.09.22 13:37:48 INFO  no build target found for D:\LDPlayer\backup\SD_73\BE_SP\src\main\java\org\example\be_sp\model\response\SanPhamResponse.java. Using fallback presentation compiler.
2025.09.22 13:37:50 INFO  no build target found for D:\LDPlayer\backup\SD_73\BE_SP\src\main\java\org\example\be_sp\model\response\SanPhamResponse.java. Using fallback presentation compiler.
2025.09.22 13:37:50 INFO  no build target found for D:\LDPlayer\backup\SD_73\BE_SP\src\main\java\org\example\be_sp\model\response\SanPhamResponse.java. Using fallback presentation compiler.
2025.09.22 13:37:51 INFO  no build target found for D:\LDPlayer\backup\SD_73\BE_SP\src\main\java\org\example\be_sp\model\response\SanPhamResponse.java. Using fallback presentation compiler.
2025.09.22 13:37:51 INFO  no build target found for D:\LDPlayer\backup\SD_73\BE_SP\src\main\java\org\example\be_sp\model\response\SanPhamResponse.java. Using fallback presentation compiler.
2025.09.22 13:37:51 INFO  no build target found for D:\LDPlayer\backup\SD_73\BE_SP\src\main\java\org\example\be_sp\model\response\SanPhamResponse.java. Using fallback presentation compiler.
2025.09.22 13:37:53 INFO  no build target found for D:\LDPlayer\backup\SD_73\BE_SP\src\main\java\org\example\be_sp\model\response\SanPhamResponse.java. Using fallback presentation compiler.
2025.09.22 13:37:53 INFO  no build target found for D:\LDPlayer\backup\SD_73\BE_SP\src\main\java\org\example\be_sp\model\response\SanPhamResponse.java. Using fallback presentation compiler.
2025.09.22 13:37:53 INFO  no build target found for D:\LDPlayer\backup\SD_73\BE_SP\src\main\java\org\example\be_sp\model\response\SanPhamResponse.java. Using fallback presentation compiler.
2025.09.22 13:37:55 INFO  no build target found for D:\LDPlayer\backup\SD_73\BE_SP\src\main\java\org\example\be_sp\model\response\SanPhamResponse.java. Using fallback presentation compiler.
2025.09.22 13:37:55 INFO  no build target found for D:\LDPlayer\backup\SD_73\BE_SP\src\main\java\org\example\be_sp\model\response\SanPhamResponse.java. Using fallback presentation compiler.
2025.09.22 13:37:56 INFO  no build target found for D:\LDPlayer\backup\SD_73\BE_SP\src\main\java\org\example\be_sp\model\response\SanPhamResponse.java. Using fallback presentation compiler.
2025.09.22 13:37:56 INFO  no build target found for D:\LDPlayer\backup\SD_73\BE_SP\src\main\java\org\example\be_sp\model\response\SanPhamResponse.java. Using fallback presentation compiler.
2025.09.22 13:37:59 INFO  no build target found for D:\LDPlayer\backup\SD_73\BE_SP\src\main\java\org\example\be_sp\model\response\SanPhamResponse.java. Using fallback presentation compiler.
2025.09.22 13:37:59 INFO  no build target found for D:\LDPlayer\backup\SD_73\BE_SP\src\main\java\org\example\be_sp\model\response\SanPhamResponse.java. Using fallback presentation compiler.
2025.09.22 13:37:59 INFO  no build target found for D:\LDPlayer\backup\SD_73\BE_SP\src\main\java\org\example\be_sp\model\response\SanPhamResponse.java. Using fallback presentation compiler.
2025.09.22 13:38:01 INFO  no build target found for D:\LDPlayer\backup\SD_73\BE_SP\src\main\java\org\example\be_sp\model\response\SanPhamResponse.java. Using fallback presentation compiler.
2025.09.22 13:38:01 INFO  no build target found for D:\LDPlayer\backup\SD_73\BE_SP\src\main\java\org\example\be_sp\model\response\SanPhamResponse.java. Using fallback presentation compiler.
2025.09.22 13:38:01 INFO  no build target found for D:\LDPlayer\backup\SD_73\BE_SP\src\main\java\org\example\be_sp\model\response\SanPhamResponse.java. Using fallback presentation compiler.
2025.09.22 13:38:03 INFO  no build target found for D:\LDPlayer\backup\SD_73\BE_SP\src\main\java\org\example\be_sp\model\response\SanPhamResponse.java. Using fallback presentation compiler.
2025.09.22 13:38:22 INFO  no build target found for D:\LDPlayer\backup\SD_73\BE_SP\src\main\java\org\example\be_sp\model\response\SanPhamResponse.java. Using fallback presentation compiler.
2025.09.22 13:38:22 WARN  no build target for: D:\LDPlayer\backup\SD_73\BE_SP\src\main\java\org\example\be_sp\model\response\SanPhamResponse.java
2025.09.22 13:38:22 INFO  no build target found for D:\LDPlayer\backup\SD_73\BE_SP\src\main\java\org\example\be_sp\model\response\SanPhamResponse.java. Using fallback presentation compiler.
2025.09.22 13:38:22 INFO  no build target found for D:\LDPlayer\backup\SD_73\BE_SP\src\main\java\org\example\be_sp\model\response\SanPhamResponse.java. Using fallback presentation compiler.
2025.09.22 13:38:22 INFO  no build target found for D:\LDPlayer\backup\SD_73\BE_SP\src\main\java\org\example\be_sp\model\response\SanPhamResponse.java. Using fallback presentation compiler.
2025.09.22 13:38:24 INFO  no build target found for D:\LDPlayer\backup\SD_73\BE_SP\src\main\java\org\example\be_sp\model\response\SanPhamResponse.java. Using fallback presentation compiler.
2025.09.22 13:38:25 INFO  no build target found for D:\LDPlayer\backup\SD_73\BE_SP\src\main\java\org\example\be_sp\model\response\SanPhamResponse.java. Using fallback presentation compiler.
2025.09.22 13:38:25 INFO  no build target found for D:\LDPlayer\backup\SD_73\BE_SP\src\main\java\org\example\be_sp\model\response\SanPhamResponse.java. Using fallback presentation compiler.
2025.09.22 13:38:25 INFO  no build target found for D:\LDPlayer\backup\SD_73\BE_SP\src\main\java\org\example\be_sp\model\response\SanPhamResponse.java. Using fallback presentation compiler.
2025.09.22 13:38:25 INFO  no build target found for D:\LDPlayer\backup\SD_73\BE_SP\src\main\java\org\example\be_sp\model\response\SanPhamResponse.java. Using fallback presentation compiler.
2025.09.22 13:38:26 INFO  no build target found for D:\LDPlayer\backup\SD_73\BE_SP\src\main\java\org\example\be_sp\model\response\SanPhamResponse.java. Using fallback presentation compiler.
2025.09.22 13:38:26 INFO  no build target found for D:\LDPlayer\backup\SD_73\BE_SP\src\main\java\org\example\be_sp\model\response\SanPhamResponse.java. Using fallback presentation compiler.
2025.09.22 13:38:26 INFO  no build target found for D:\LDPlayer\backup\SD_73\BE_SP\src\main\java\org\example\be_sp\model\response\SanPhamResponse.java. Using fallback presentation compiler.
2025.09.22 13:38:27 INFO  no build target found for D:\LDPlayer\backup\SD_73\BE_SP\src\main\java\org\example\be_sp\model\response\SanPhamResponse.java. Using fallback presentation compiler.
2025.09.22 13:38:29 INFO  no build target found for D:\LDPlayer\backup\SD_73\BE_SP\src\main\java\org\example\be_sp\model\response\SanPhamResponse.java. Using fallback presentation compiler.
2025.09.22 13:38:29 INFO  no build target found for D:\LDPlayer\backup\SD_73\BE_SP\src\main\java\org\example\be_sp\model\response\SanPhamResponse.java. Using fallback presentation compiler.
2025.09.22 13:38:29 INFO  no build target found for D:\LDPlayer\backup\SD_73\BE_SP\src\main\java\org\example\be_sp\model\response\SanPhamResponse.java. Using fallback presentation compiler.
2025.09.22 13:38:39 INFO  no build target found for D:\LDPlayer\backup\SD_73\BE_SP\src\main\java\org\example\be_sp\model\response\SanPhamResponse.java. Using fallback presentation compiler.
2025.09.22 13:38:39 WARN  no build target for: D:\LDPlayer\backup\SD_73\BE_SP\src\main\java\org\example\be_sp\model\response\SanPhamResponse.java
2025.09.22 13:38:39 INFO  no build target found for D:\LDPlayer\backup\SD_73\BE_SP\src\main\java\org\example\be_sp\model\response\SanPhamResponse.java. Using fallback presentation compiler.
2025.09.22 13:38:39 INFO  no build target found for D:\LDPlayer\backup\SD_73\BE_SP\src\main\java\org\example\be_sp\model\response\SanPhamResponse.java. Using fallback presentation compiler.
2025.09.22 13:38:39 INFO  no build target found for D:\LDPlayer\backup\SD_73\BE_SP\src\main\java\org\example\be_sp\model\response\SanPhamResponse.java. Using fallback presentation compiler.
2025.09.22 13:38:39 INFO  no build target found for D:\LDPlayer\backup\SD_73\BE_SP\src\main\java\org\example\be_sp\model\response\SanPhamResponse.java. Using fallback presentation compiler.
2025.09.22 13:38:40 INFO  no build target found for D:\LDPlayer\backup\SD_73\BE_SP\src\main\java\org\example\be_sp\model\response\SanPhamResponse.java. Using fallback presentation compiler.
2025.09.22 13:39:02 INFO  no build target found for D:\LDPlayer\backup\SD_73\BE_SP\src\main\java\org\example\be_sp\model\response\SanPhamResponse.java. Using fallback presentation compiler.
2025.09.22 13:39:02 WARN  no build target for: D:\LDPlayer\backup\SD_73\BE_SP\src\main\java\org\example\be_sp\model\response\SanPhamResponse.java
2025.09.22 13:39:02 INFO  no build target found for D:\LDPlayer\backup\SD_73\BE_SP\src\main\java\org\example\be_sp\model\response\SanPhamResponse.java. Using fallback presentation compiler.
2025.09.22 13:39:02 INFO  no build target found for D:\LDPlayer\backup\SD_73\BE_SP\src\main\java\org\example\be_sp\model\response\SanPhamResponse.java. Using fallback presentation compiler.
2025.09.22 13:39:03 INFO  no build target found for D:\LDPlayer\backup\SD_73\BE_SP\src\main\java\org\example\be_sp\model\response\SanPhamResponse.java. Using fallback presentation compiler.
2025.09.22 13:39:03 INFO  no build target found for D:\LDPlayer\backup\SD_73\BE_SP\src\main\java\org\example\be_sp\model\response\SanPhamResponse.java. Using fallback presentation compiler.
2025.09.22 13:39:03 INFO  no build target found for D:\LDPlayer\backup\SD_73\BE_SP\src\main\java\org\example\be_sp\model\response\SanPhamResponse.java. Using fallback presentation compiler.
2025.09.22 13:39:05 INFO  no build target found for D:\LDPlayer\backup\SD_73\BE_SP\src\main\java\org\example\be_sp\model\response\SanPhamResponse.java. Using fallback presentation compiler.
2025.09.22 13:39:10 INFO  no build target found for D:\LDPlayer\backup\SD_73\BE_SP\src\main\java\org\example\be_sp\model\response\SanPhamResponse.java. Using fallback presentation compiler.
2025.09.22 13:39:10 WARN  no build target for: D:\LDPlayer\backup\SD_73\BE_SP\src\main\java\org\example\be_sp\model\response\SanPhamResponse.java
2025.09.22 13:39:10 INFO  no build target found for D:\LDPlayer\backup\SD_73\BE_SP\src\main\java\org\example\be_sp\model\response\SanPhamResponse.java. Using fallback presentation compiler.
2025.09.22 13:39:10 INFO  no build target found for D:\LDPlayer\backup\SD_73\BE_SP\src\main\java\org\example\be_sp\model\response\SanPhamResponse.java. Using fallback presentation compiler.
2025.09.22 13:39:11 INFO  no build target found for D:\LDPlayer\backup\SD_73\BE_SP\src\main\java\org\example\be_sp\model\response\SanPhamResponse.java. Using fallback presentation compiler.
2025.09.22 13:39:16 INFO  no build target found for D:\LDPlayer\backup\SD_73\BE_SP\src\main\java\org\example\be_sp\model\response\SanPhamResponse.java. Using fallback presentation compiler.
2025.09.22 13:39:16 WARN  no build target for: D:\LDPlayer\backup\SD_73\BE_SP\src\main\java\org\example\be_sp\model\response\SanPhamResponse.java
2025.09.22 13:39:16 INFO  no build target found for D:\LDPlayer\backup\SD_73\BE_SP\src\main\java\org\example\be_sp\model\response\SanPhamResponse.java. Using fallback presentation compiler.
2025.09.22 13:39:16 INFO  no build target found for D:\LDPlayer\backup\SD_73\BE_SP\src\main\java\org\example\be_sp\model\response\SanPhamResponse.java. Using fallback presentation compiler.
2025.09.22 13:39:17 INFO  no build target found for D:\LDPlayer\backup\SD_73\BE_SP\src\main\java\org\example\be_sp\model\response\SanPhamResponse.java. Using fallback presentation compiler.
2025.09.22 13:40:43 INFO  no build target found for D:\LDPlayer\backup\SD_73\BE_SP\src\main\java\org\example\be_sp\model\response\SanPhamResponse.java. Using fallback presentation compiler.
2025.09.22 13:40:43 WARN  no build target for: D:\LDPlayer\backup\SD_73\BE_SP\src\main\java\org\example\be_sp\model\response\SanPhamResponse.java
2025.09.22 13:40:43 INFO  no build target found for D:\LDPlayer\backup\SD_73\BE_SP\src\main\java\org\example\be_sp\model\response\SanPhamResponse.java. Using fallback presentation compiler.
2025.09.22 13:40:43 INFO  no build target found for D:\LDPlayer\backup\SD_73\BE_SP\src\main\java\org\example\be_sp\model\response\SanPhamResponse.java. Using fallback presentation compiler.
2025.09.22 13:40:45 INFO  no build target found for D:\LDPlayer\backup\SD_73\BE_SP\src\main\java\org\example\be_sp\model\response\SanPhamResponse.java. Using fallback presentation compiler.
2025.09.22 13:42:53 WARN  no build target for: D:\LDPlayer\backup\SD_73\BE_SP\src\main\java\org\example\be_sp\model\response\SanPhamResponse.java
2025.09.22 13:42:53 INFO  no build target found for D:\LDPlayer\backup\SD_73\BE_SP\src\main\java\org\example\be_sp\model\response\SanPhamResponse.java. Using fallback presentation compiler.
2025.09.22 13:42:53 INFO  no build target found for D:\LDPlayer\backup\SD_73\BE_SP\src\main\java\org\example\be_sp\model\response\SanPhamResponse.java. Using fallback presentation compiler.
2025.09.22 13:42:53 INFO  no build target found for D:\LDPlayer\backup\SD_73\BE_SP\src\main\java\org\example\be_sp\model\response\SanPhamResponse.java. Using fallback presentation compiler.
2025.09.22 13:42:53 INFO  no build target found for D:\LDPlayer\backup\SD_73\BE_SP\src\main\java\org\example\be_sp\model\response\SanPhamResponse.java. Using fallback presentation compiler.
2025.09.22 13:42:53 INFO  no build target found for D:\LDPlayer\backup\SD_73\BE_SP\src\main\java\org\example\be_sp\model\response\SanPhamResponse.java. Using fallback presentation compiler.
2025.09.22 13:42:54 INFO  no build target found for D:\LDPlayer\backup\SD_73\BE_SP\src\main\java\org\example\be_sp\model\response\SanPhamResponse.java. Using fallback presentation compiler.
2025.09.22 13:42:54 INFO  no build target found for D:\LDPlayer\backup\SD_73\BE_SP\src\main\java\org\example\be_sp\model\response\SanPhamResponse.java. Using fallback presentation compiler.
2025.09.22 13:42:54 INFO  no build target found for D:\LDPlayer\backup\SD_73\BE_SP\src\main\java\org\example\be_sp\model\response\SanPhamResponse.java. Using fallback presentation compiler.
2025.09.22 13:42:55 INFO  no build target found for D:\LDPlayer\backup\SD_73\BE_SP\src\main\java\org\example\be_sp\model\response\SanPhamResponse.java. Using fallback presentation compiler.
2025.09.22 13:42:55 INFO  no build target found for D:\LDPlayer\backup\SD_73\BE_SP\src\main\java\org\example\be_sp\model\response\SanPhamResponse.java. Using fallback presentation compiler.
2025.09.22 13:42:55 INFO  no build target found for D:\LDPlayer\backup\SD_73\BE_SP\src\main\java\org\example\be_sp\model\response\SanPhamResponse.java. Using fallback presentation compiler.
2025.09.22 13:42:56 INFO  no build target found for D:\LDPlayer\backup\SD_73\BE_SP\src\main\java\org\example\be_sp\model\response\SanPhamResponse.java. Using fallback presentation compiler.
2025.09.22 13:42:56 INFO  no build target found for D:\LDPlayer\backup\SD_73\BE_SP\src\main\java\org\example\be_sp\model\response\SanPhamResponse.java. Using fallback presentation compiler.
2025.09.22 13:42:56 INFO  no build target found for D:\LDPlayer\backup\SD_73\BE_SP\src\main\java\org\example\be_sp\model\response\SanPhamResponse.java. Using fallback presentation compiler.
2025.09.22 13:42:56 INFO  no build target found for D:\LDPlayer\backup\SD_73\BE_SP\src\main\java\org\example\be_sp\model\response\SanPhamResponse.java. Using fallback presentation compiler.
2025.09.22 13:42:58 INFO  no build target found for D:\LDPlayer\backup\SD_73\BE_SP\src\main\java\org\example\be_sp\model\response\SanPhamResponse.java. Using fallback presentation compiler.
2025.09.22 13:42:58 INFO  no build target found for D:\LDPlayer\backup\SD_73\BE_SP\src\main\java\org\example\be_sp\model\response\SanPhamResponse.java. Using fallback presentation compiler.
2025.09.22 13:42:58 INFO  no build target found for D:\LDPlayer\backup\SD_73\BE_SP\src\main\java\org\example\be_sp\model\response\SanPhamResponse.java. Using fallback presentation compiler.
2025.09.22 13:42:58 INFO  no build target found for D:\LDPlayer\backup\SD_73\BE_SP\src\main\java\org\example\be_sp\model\response\SanPhamResponse.java. Using fallback presentation compiler.
2025.09.22 13:42:59 INFO  no build target found for D:\LDPlayer\backup\SD_73\BE_SP\src\main\java\org\example\be_sp\model\response\SanPhamResponse.java. Using fallback presentation compiler.
2025.09.22 13:42:59 INFO  no build target found for D:\LDPlayer\backup\SD_73\BE_SP\src\main\java\org\example\be_sp\model\response\SanPhamResponse.java. Using fallback presentation compiler.
2025.09.22 13:42:59 INFO  no build target found for D:\LDPlayer\backup\SD_73\BE_SP\src\main\java\org\example\be_sp\model\response\SanPhamResponse.java. Using fallback presentation compiler.
2025.09.22 13:46:31 INFO  no build target found for D:\LDPlayer\backup\SD_73\BE_SP\src\main\java\org\example\be_sp\model\response\SanPhamResponse.java. Using fallback presentation compiler.
2025.09.22 13:46:31 WARN  no build target for: D:\LDPlayer\backup\SD_73\BE_SP\src\main\java\org\example\be_sp\model\response\SanPhamResponse.java
2025.09.22 13:46:31 INFO  no build target found for D:\LDPlayer\backup\SD_73\BE_SP\src\main\java\org\example\be_sp\model\response\SanPhamResponse.java. Using fallback presentation compiler.
2025.09.22 13:46:31 INFO  no build target found for D:\LDPlayer\backup\SD_73\BE_SP\src\main\java\org\example\be_sp\model\response\SanPhamResponse.java. Using fallback presentation compiler.
2025.09.22 13:46:31 INFO  no build target found for D:\LDPlayer\backup\SD_73\BE_SP\src\main\java\org\example\be_sp\model\response\SanPhamResponse.java. Using fallback presentation compiler.
2025.09.22 13:46:33 INFO  no build target found for D:\LDPlayer\backup\SD_73\BE_SP\src\main\java\org\example\be_sp\model\response\SanPhamResponse.java. Using fallback presentation compiler.
2025.09.22 13:46:33 INFO  no build target found for D:\LDPlayer\backup\SD_73\BE_SP\src\main\java\org\example\be_sp\model\response\SanPhamResponse.java. Using fallback presentation compiler.
2025.09.22 13:46:33 INFO  no build target found for D:\LDPlayer\backup\SD_73\BE_SP\src\main\java\org\example\be_sp\model\response\SanPhamResponse.java. Using fallback presentation compiler.
2025.09.22 13:46:35 INFO  no build target found for D:\LDPlayer\backup\SD_73\BE_SP\src\main\java\org\example\be_sp\model\response\SanPhamResponse.java. Using fallback presentation compiler.
2025.09.22 13:46:37 INFO  no build target found for D:\LDPlayer\backup\SD_73\BE_SP\src\main\java\org\example\be_sp\model\response\SanPhamResponse.java. Using fallback presentation compiler.
2025.09.22 13:46:37 INFO  no build target found for D:\LDPlayer\backup\SD_73\BE_SP\src\main\java\org\example\be_sp\model\response\SanPhamResponse.java. Using fallback presentation compiler.
2025.09.22 13:46:37 INFO  no build target found for D:\LDPlayer\backup\SD_73\BE_SP\src\main\java\org\example\be_sp\model\response\SanPhamResponse.java. Using fallback presentation compiler.
2025.09.22 13:46:38 INFO  no build target found for D:\LDPlayer\backup\SD_73\BE_SP\src\main\java\org\example\be_sp\model\response\SanPhamResponse.java. Using fallback presentation compiler.
2025.09.22 13:46:38 INFO  no build target found for D:\LDPlayer\backup\SD_73\BE_SP\src\main\java\org\example\be_sp\model\response\SanPhamResponse.java. Using fallback presentation compiler.
2025.09.22 13:50:12 INFO  no build target found for D:\LDPlayer\backup\SD_73\BE_SP\src\main\java\org\example\be_sp\model\response\SanPhamResponse.java. Using fallback presentation compiler.
2025.09.22 13:51:16 WARN  no build target for: D:\LDPlayer\backup\SD_73\BE_SP\src\main\java\org\example\be_sp\model\request\SanPhamRequest.java
2025.09.22 13:51:16 INFO  no build target found for D:\LDPlayer\backup\SD_73\BE_SP\src\main\java\org\example\be_sp\model\request\SanPhamRequest.java. Using fallback presentation compiler.
2025.09.22 13:51:16 INFO  no build target found for D:\LDPlayer\backup\SD_73\BE_SP\src\main\java\org\example\be_sp\model\request\SanPhamRequest.java. Using fallback presentation compiler.
2025.09.22 13:51:16 INFO  no build target found for D:\LDPlayer\backup\SD_73\BE_SP\src\main\java\org\example\be_sp\model\request\SanPhamRequest.java. Using fallback presentation compiler.
2025.09.22 13:51:17 INFO  no build target found for D:\LDPlayer\backup\SD_73\BE_SP\src\main\java\org\example\be_sp\model\request\SanPhamRequest.java. Using fallback presentation compiler.
2025.09.22 13:51:17 INFO  no build target found for D:\LDPlayer\backup\SD_73\BE_SP\src\main\java\org\example\be_sp\model\request\SanPhamRequest.java. Using fallback presentation compiler.
2025.09.22 13:53:25 INFO  no build target found for D:\LDPlayer\backup\SD_73\BE_SP\src\main\java\org\example\be_sp\model\request\SanPhamRequest.java. Using fallback presentation compiler.
2025.09.22 13:58:10 WARN  no build target for: D:\LDPlayer\backup\SD_73\BE_SP\src\main\java\org\example\be_sp\model\request\SanPhamRequest.java
2025.09.22 14:01:10 INFO  no build target found for D:\LDPlayer\backup\SD_73\BE_SP\src\main\java\org\example\be_sp\model\request\SanPhamRequest.java. Using fallback presentation compiler.
2025.09.22 14:04:09 WARN  no build target for: D:\LDPlayer\backup\SD_73\BE_SP\src\main\java\org\example\be_sp\model\request\SanPhamRequest.java
2025.09.22 14:07:09 INFO  no build target found for D:\LDPlayer\backup\SD_73\BE_SP\src\main\java\org\example\be_sp\model\request\SanPhamRequest.java. Using fallback presentation compiler.
2025.09.22 14:23:13 INFO  Shutting down server
2025.09.22 14:23:13 INFO  shutting down Metals
2025.09.22 14:23:13 INFO  Exiting server
2025.09.22 16:29:44 INFO  Started: Metals version 1.6.2 in folders 'D:\LDPlayer\backup\SD_73\BE_SP' for client Visual Studio Code 1.104.1.
2025.09.22 16:30:13 INFO  Started: Metals version 1.6.2 in folders 'D:\LDPlayer\backup\SD_73\BE_SP' for client Visual Studio Code 1.104.1.
2025.09.22 16:30:23 INFO  Shutting down server
2025.09.22 16:30:23 INFO  shutting down Metals
2025.09.22 16:30:23 INFO  Exiting server
2025.09.23 08:23:04 INFO  Started: Metals version 1.6.2 in folders 'D:\LDPlayer\backup\SD_73\BE_SP' for client Visual Studio Code 1.104.1.
Sep 23, 2025 8:25:37 AM org.eclipse.lsp4j.jsonrpc.services.GenericEndpoint notify
INFO: Unsupported notification method: $/setTrace
2025.09.23 08:25:37 INFO  Shutting down server
2025.09.23 08:25:37 INFO  shutting down Metals
2025.09.23 08:25:37 INFO  Exiting server
2025.09.23 14:42:36 INFO  Started: Metals version 1.6.2 in folders 'D:\LDPlayer\backup\SD_73\BE_SP' for client Visual Studio Code 1.104.1.
Sep 23, 2025 2:42:53 PM org.eclipse.lsp4j.jsonrpc.services.GenericEndpoint notify
INFO: Unsupported notification method: $/setTrace
Sep 23, 2025 2:42:53 PM org.eclipse.lsp4j.jsonrpc.services.GenericEndpoint notify
INFO: Unsupported notification method: $/setTrace
2025.09.23 14:43:17 INFO  logging to files 
Sep 23, 2025 2:49:42 PM org.eclipse.lsp4j.jsonrpc.services.GenericEndpoint notify
INFO: Unsupported notification method: $/setTrace
Sep 23, 2025 2:51:29 PM org.eclipse.lsp4j.jsonrpc.services.GenericEndpoint notify
INFO: Unsupported notification method: $/setTrace
Sep 23, 2025 2:55:08 PM org.eclipse.lsp4j.jsonrpc.services.GenericEndpoint notify
INFO: Unsupported notification method: $/setTrace
Sep 23, 2025 2:55:08 PM org.eclipse.lsp4j.jsonrpc.services.GenericEndpoint notify
INFO: Unsupported notification method: $/setTrace
Sep 23, 2025 2:55:08 PM org.eclipse.lsp4j.jsonrpc.services.GenericEndpoint notify
INFO: Unsupported notification method: $/setTrace
Sep 23, 2025 2:55:08 PM org.eclipse.lsp4j.jsonrpc.services.GenericEndpoint notify
INFO: Unsupported notification method: $/setTrace
Sep 23, 2025 2:55:57 PM org.eclipse.lsp4j.jsonrpc.services.GenericEndpoint notify
INFO: Unsupported notification method: $/setTrace
Sep 23, 2025 2:56:55 PM org.eclipse.lsp4j.jsonrpc.RemoteEndpoint handleCancellation
WARNING: Unmatched cancel notification for request id 73
Sep 23, 2025 2:58:50 PM org.eclipse.lsp4j.jsonrpc.services.GenericEndpoint notify
INFO: Unsupported notification method: $/setTrace
Sep 23, 2025 2:59:01 PM org.eclipse.lsp4j.jsonrpc.services.GenericEndpoint notify
INFO: Unsupported notification method: $/setTrace
Sep 23, 2025 2:59:21 PM org.eclipse.lsp4j.jsonrpc.services.GenericEndpoint notify
INFO: Unsupported notification method: $/setTrace
Sep 23, 2025 3:03:24 PM org.eclipse.lsp4j.jsonrpc.services.GenericEndpoint notify
INFO: Unsupported notification method: $/setTrace
Sep 23, 2025 3:05:14 PM org.eclipse.lsp4j.jsonrpc.RemoteEndpoint handleCancellation
WARNING: Unmatched cancel notification for request id 223
Sep 23, 2025 3:07:53 PM org.eclipse.lsp4j.jsonrpc.services.GenericEndpoint notify
INFO: Unsupported notification method: $/setTrace
Sep 23, 2025 3:07:55 PM org.eclipse.lsp4j.jsonrpc.services.GenericEndpoint notify
INFO: Unsupported notification method: $/setTrace
Sep 23, 2025 3:07:59 PM org.eclipse.lsp4j.jsonrpc.services.GenericEndpoint notify
INFO: Unsupported notification method: $/setTrace
Sep 23, 2025 3:08:38 PM org.eclipse.lsp4j.jsonrpc.services.GenericEndpoint notify
INFO: Unsupported notification method: $/setTrace
Sep 23, 2025 3:09:38 PM org.eclipse.lsp4j.jsonrpc.services.GenericEndpoint notify
INFO: Unsupported notification method: $/setTrace
Sep 23, 2025 3:09:45 PM org.eclipse.lsp4j.jsonrpc.services.GenericEndpoint notify
INFO: Unsupported notification method: $/setTrace
Sep 23, 2025 3:10:20 PM org.eclipse.lsp4j.jsonrpc.services.GenericEndpoint notify
INFO: Unsupported notification method: $/setTrace
Sep 23, 2025 3:11:59 PM org.eclipse.lsp4j.jsonrpc.services.GenericEndpoint notify
INFO: Unsupported notification method: $/setTrace
Sep 23, 2025 3:12:05 PM org.eclipse.lsp4j.jsonrpc.services.GenericEndpoint notify
INFO: Unsupported notification method: $/setTrace
Sep 23, 2025 3:14:08 PM org.eclipse.lsp4j.jsonrpc.RemoteEndpoint handleCancellation
WARNING: Unmatched cancel notification for request id 296
